
*** Running vivado
    with args -log test.vds -m64 -product Vivado -mode batch -messageDb vivado.pb -notrace -source test.tcl



****** Vivado v2021.1 (64-bit)
  **** SW Build 3247384 on Thu Jun 10 19:36:33 MDT 2021
  **** IP Build 3246043 on Fri Jun 11 00:30:35 MDT 2021
    ** Copyright 1986-2021 Xilinx, Inc. All Rights Reserved.

source test.tcl -notrace
Command: synth_design -top test -part xck26-sfvc784-2LV-c
Starting synth_design
Attempting to get a license for feature 'Synthesis' and/or device 'xck26'
INFO: [Common 17-349] Got license for feature 'Synthesis' and/or device 'xck26'
INFO: [Synth 8-7079] Multithreading enabled for synth_design using a maximum of 2 processes.
INFO: [Synth 8-7078] Launching helper process for spawning children vivado processes
INFO: [Synth 8-7075] Helper process launched with PID 17744
ERROR: [Synth 8-2715] syntax error near   [D:/8-bit-microprocessor/8-bit-up/8-bit-up.srcs/sources_1/new/instructionReg.v:11]
ERROR: [Synth 8-2715] syntax error near   [D:/8-bit-microprocessor/8-bit-up/8-bit-up.srcs/sources_1/new/instructionReg.v:11]
INFO: [Synth 8-2350] module instReg ignored due to previous errors [D:/8-bit-microprocessor/8-bit-up/8-bit-up.srcs/sources_1/new/instructionReg.v:1]
Failed to read verilog 'D:/8-bit-microprocessor/8-bit-up/8-bit-up.srcs/sources_1/new/instructionReg.v'
INFO: [Common 17-83] Releasing license: Synthesis
6 Infos, 0 Warnings, 0 Critical Warnings and 3 Errors encountered.
synth_design failed
ERROR: [Common 17-69] Command failed: Vivado Synthesis failed
INFO: [Common 17-206] Exiting Vivado at Tue Nov 15 20:12:32 2022...
